---------- Date: 2015-01-18 02:33:09 ~ IP : 14.204.2.146 ----------
REQUEST URI : /index.php?route=account/order
MOD DETAILS:
   modFile   : /home/vol3_4/er-webs.com/erweb_15463155/gotojojo.com/htdocs/vqmod/xml/vqmod_EMS_tracking-1.01.xml
   id        : vQmod - EMS Tracking Mod
   version   : 1.0.1
   vqmver    : 1.0.8
   author    : FL

File Name    : catalog/model/account/order.php(0)
VQModObject::applyMod - SEARCH NOT FOUND (ABORTING MOD): $query = $this->db->query("SELECT date_added, os.name AS status, oh.comment, oh.notify FROM " . DB_PREFIX . "daigou_oc_order_history oh LEFT JOIN " . DB_PREFIX . "order_status os ON oh.order_status_id = os.order_status_id WHERE oh.order_id = '" . (int)$order_id . "' AND oh.notify = '1' AND os.language_id = '" . (int)$this->config->get('config_language_id') . "' ORDER BY oh.date_added");

----------------------------------------------------------------------


---------- Date: 2015-01-18 02:33:20 ~ IP : 14.204.2.146 ----------
REQUEST URI : /index.php?route=account/order/info&amp;order_id=108
MOD DETAILS:
   modFile   : /home/vol3_4/er-webs.com/erweb_15463155/gotojojo.com/htdocs/vqmod/xml/vqmod_EMS_tracking-1.01.xml
   id        : vQmod - EMS Tracking Mod
   version   : 1.0.1
   vqmver    : 1.0.8
   author    : FL

File Name    : catalog/model/account/order.php(0)
VQModObject::applyMod - SEARCH NOT FOUND (ABORTING MOD): $query = $this->db->query("SELECT date_added, os.name AS status, oh.comment, oh.notify FROM " . DB_PREFIX . "daigou_oc_order_history oh LEFT JOIN " . DB_PREFIX . "order_status os ON oh.order_status_id = os.order_status_id WHERE oh.order_id = '" . (int)$order_id . "' AND oh.notify = '1' AND os.language_id = '" . (int)$this->config->get('config_language_id') . "' ORDER BY oh.date_added");

----------------------------------------------------------------------


---------- Date: 2015-01-18 02:33:45 ~ IP : 14.204.2.146 ----------
REQUEST URI : /index.php?route=account/order/info&amp;order_id=108
MOD DETAILS:
   modFile   : /home/vol3_4/er-webs.com/erweb_15463155/gotojojo.com/htdocs/vqmod/xml/vqmod_EMS_tracking-1.01.xml
   id        : vQmod - EMS Tracking Mod
   version   : 1.0.1
   vqmver    : 1.0.8
   author    : FL

File Name    : catalog/model/account/order.php(0)
VQModObject::applyMod - SEARCH NOT FOUND (ABORTING MOD): $query = $this->db->query("SELECT date_added, os.name AS status, oh.comment, oh.notify FROM " . DB_PREFIX . "daigou_oc_order_history oh LEFT JOIN " . DB_PREFIX . "order_status os ON oh.order_status_id = os.order_status_id WHERE oh.order_id = '" . (int)$order_id . "' AND oh.notify = '1' AND os.language_id = '" . (int)$this->config->get('config_language_id') . "' ORDER BY oh.date_added");

----------------------------------------------------------------------


