---------- Date: 2014-12-20 11:01:42 ~ IP : 182.242.225.169 ----------
REQUEST URI : /index.php?route=account/order
MOD DETAILS:
   modFile   : /home/vol3_4/er-webs.com/erweb_15463155/gotojojo.com/htdocs/vqmod/xml/vqmod_EMS_tracking-1.01.xml
   id        : vQmod - EMS Tracking Mod
   version   : 1.0.1
   vqmver    : 1.0.8
   author    : FL

File Name    : catalog/model/account/order.php(0)
VQModObject::applyMod - SEARCH NOT FOUND (ABORTING MOD): $query = $this->db->query("SELECT date_added, os.name AS status, oh.comment, oh.notify FROM " . DB_PREFIX . "daigou_oc_order_history oh LEFT JOIN " . DB_PREFIX . "order_status os ON oh.order_status_id = os.order_status_id WHERE oh.order_id = '" . (int)$order_id . "' AND oh.notify = '1' AND os.language_id = '" . (int)$this->config->get('config_language_id') . "' ORDER BY oh.date_added");

----------------------------------------------------------------------


---------- Date: 2014-12-20 11:01:47 ~ IP : 182.242.225.169 ----------
REQUEST URI : /index.php?route=account/order&amp;page=2
MOD DETAILS:
   modFile   : /home/vol3_4/er-webs.com/erweb_15463155/gotojojo.com/htdocs/vqmod/xml/vqmod_EMS_tracking-1.01.xml
   id        : vQmod - EMS Tracking Mod
   version   : 1.0.1
   vqmver    : 1.0.8
   author    : FL

File Name    : catalog/model/account/order.php(0)
VQModObject::applyMod - SEARCH NOT FOUND (ABORTING MOD): $query = $this->db->query("SELECT date_added, os.name AS status, oh.comment, oh.notify FROM " . DB_PREFIX . "daigou_oc_order_history oh LEFT JOIN " . DB_PREFIX . "order_status os ON oh.order_status_id = os.order_status_id WHERE oh.order_id = '" . (int)$order_id . "' AND oh.notify = '1' AND os.language_id = '" . (int)$this->config->get('config_language_id') . "' ORDER BY oh.date_added");

----------------------------------------------------------------------


---------- Date: 2014-12-20 11:01:55 ~ IP : 182.242.225.169 ----------
REQUEST URI : /index.php?route=account/order/info&amp;order_id=22
MOD DETAILS:
   modFile   : /home/vol3_4/er-webs.com/erweb_15463155/gotojojo.com/htdocs/vqmod/xml/vqmod_EMS_tracking-1.01.xml
   id        : vQmod - EMS Tracking Mod
   version   : 1.0.1
   vqmver    : 1.0.8
   author    : FL

File Name    : catalog/model/account/order.php(0)
VQModObject::applyMod - SEARCH NOT FOUND (ABORTING MOD): $query = $this->db->query("SELECT date_added, os.name AS status, oh.comment, oh.notify FROM " . DB_PREFIX . "daigou_oc_order_history oh LEFT JOIN " . DB_PREFIX . "order_status os ON oh.order_status_id = os.order_status_id WHERE oh.order_id = '" . (int)$order_id . "' AND oh.notify = '1' AND os.language_id = '" . (int)$this->config->get('config_language_id') . "' ORDER BY oh.date_added");

----------------------------------------------------------------------


---------- Date: 2014-12-20 11:02:05 ~ IP : 182.242.225.169 ----------
REQUEST URI : /index.php?route=account/order&amp;page=2
MOD DETAILS:
   modFile   : /home/vol3_4/er-webs.com/erweb_15463155/gotojojo.com/htdocs/vqmod/xml/vqmod_EMS_tracking-1.01.xml
   id        : vQmod - EMS Tracking Mod
   version   : 1.0.1
   vqmver    : 1.0.8
   author    : FL

File Name    : catalog/model/account/order.php(0)
VQModObject::applyMod - SEARCH NOT FOUND (ABORTING MOD): $query = $this->db->query("SELECT date_added, os.name AS status, oh.comment, oh.notify FROM " . DB_PREFIX . "daigou_oc_order_history oh LEFT JOIN " . DB_PREFIX . "order_status os ON oh.order_status_id = os.order_status_id WHERE oh.order_id = '" . (int)$order_id . "' AND oh.notify = '1' AND os.language_id = '" . (int)$this->config->get('config_language_id') . "' ORDER BY oh.date_added");

----------------------------------------------------------------------


---------- Date: 2014-12-20 11:02:14 ~ IP : 182.242.225.169 ----------
REQUEST URI : /index.php?route=account/order/info&amp;order_id=25
MOD DETAILS:
   modFile   : /home/vol3_4/er-webs.com/erweb_15463155/gotojojo.com/htdocs/vqmod/xml/vqmod_EMS_tracking-1.01.xml
   id        : vQmod - EMS Tracking Mod
   version   : 1.0.1
   vqmver    : 1.0.8
   author    : FL

File Name    : catalog/model/account/order.php(0)
VQModObject::applyMod - SEARCH NOT FOUND (ABORTING MOD): $query = $this->db->query("SELECT date_added, os.name AS status, oh.comment, oh.notify FROM " . DB_PREFIX . "daigou_oc_order_history oh LEFT JOIN " . DB_PREFIX . "order_status os ON oh.order_status_id = os.order_status_id WHERE oh.order_id = '" . (int)$order_id . "' AND oh.notify = '1' AND os.language_id = '" . (int)$this->config->get('config_language_id') . "' ORDER BY oh.date_added");

----------------------------------------------------------------------


---------- Date: 2014-12-20 11:02:28 ~ IP : 182.242.225.169 ----------
REQUEST URI : /index.php?route=account/order&amp;page=2
MOD DETAILS:
   modFile   : /home/vol3_4/er-webs.com/erweb_15463155/gotojojo.com/htdocs/vqmod/xml/vqmod_EMS_tracking-1.01.xml
   id        : vQmod - EMS Tracking Mod
   version   : 1.0.1
   vqmver    : 1.0.8
   author    : FL

File Name    : catalog/model/account/order.php(0)
VQModObject::applyMod - SEARCH NOT FOUND (ABORTING MOD): $query = $this->db->query("SELECT date_added, os.name AS status, oh.comment, oh.notify FROM " . DB_PREFIX . "daigou_oc_order_history oh LEFT JOIN " . DB_PREFIX . "order_status os ON oh.order_status_id = os.order_status_id WHERE oh.order_id = '" . (int)$order_id . "' AND oh.notify = '1' AND os.language_id = '" . (int)$this->config->get('config_language_id') . "' ORDER BY oh.date_added");

----------------------------------------------------------------------


---------- Date: 2014-12-20 11:02:36 ~ IP : 182.242.225.169 ----------
REQUEST URI : /index.php?route=account/order/info&amp;order_id=27
MOD DETAILS:
   modFile   : /home/vol3_4/er-webs.com/erweb_15463155/gotojojo.com/htdocs/vqmod/xml/vqmod_EMS_tracking-1.01.xml
   id        : vQmod - EMS Tracking Mod
   version   : 1.0.1
   vqmver    : 1.0.8
   author    : FL

File Name    : catalog/model/account/order.php(0)
VQModObject::applyMod - SEARCH NOT FOUND (ABORTING MOD): $query = $this->db->query("SELECT date_added, os.name AS status, oh.comment, oh.notify FROM " . DB_PREFIX . "daigou_oc_order_history oh LEFT JOIN " . DB_PREFIX . "order_status os ON oh.order_status_id = os.order_status_id WHERE oh.order_id = '" . (int)$order_id . "' AND oh.notify = '1' AND os.language_id = '" . (int)$this->config->get('config_language_id') . "' ORDER BY oh.date_added");

----------------------------------------------------------------------


---------- Date: 2014-12-20 11:02:38 ~ IP : 182.242.225.169 ----------
REQUEST URI : /index.php?route=account/order&amp;page=2
MOD DETAILS:
   modFile   : /home/vol3_4/er-webs.com/erweb_15463155/gotojojo.com/htdocs/vqmod/xml/vqmod_EMS_tracking-1.01.xml
   id        : vQmod - EMS Tracking Mod
   version   : 1.0.1
   vqmver    : 1.0.8
   author    : FL

File Name    : catalog/model/account/order.php(0)
VQModObject::applyMod - SEARCH NOT FOUND (ABORTING MOD): $query = $this->db->query("SELECT date_added, os.name AS status, oh.comment, oh.notify FROM " . DB_PREFIX . "daigou_oc_order_history oh LEFT JOIN " . DB_PREFIX . "order_status os ON oh.order_status_id = os.order_status_id WHERE oh.order_id = '" . (int)$order_id . "' AND oh.notify = '1' AND os.language_id = '" . (int)$this->config->get('config_language_id') . "' ORDER BY oh.date_added");

----------------------------------------------------------------------


---------- Date: 2014-12-20 11:02:56 ~ IP : 182.242.225.169 ----------
REQUEST URI : /index.php?route=account/order&amp;page=1
MOD DETAILS:
   modFile   : /home/vol3_4/er-webs.com/erweb_15463155/gotojojo.com/htdocs/vqmod/xml/vqmod_EMS_tracking-1.01.xml
   id        : vQmod - EMS Tracking Mod
   version   : 1.0.1
   vqmver    : 1.0.8
   author    : FL

File Name    : catalog/model/account/order.php(0)
VQModObject::applyMod - SEARCH NOT FOUND (ABORTING MOD): $query = $this->db->query("SELECT date_added, os.name AS status, oh.comment, oh.notify FROM " . DB_PREFIX . "daigou_oc_order_history oh LEFT JOIN " . DB_PREFIX . "order_status os ON oh.order_status_id = os.order_status_id WHERE oh.order_id = '" . (int)$order_id . "' AND oh.notify = '1' AND os.language_id = '" . (int)$this->config->get('config_language_id') . "' ORDER BY oh.date_added");

----------------------------------------------------------------------


---------- Date: 2014-12-20 11:03:02 ~ IP : 182.242.225.169 ----------
REQUEST URI : /index.php?route=account/order/info&amp;order_id=37
MOD DETAILS:
   modFile   : /home/vol3_4/er-webs.com/erweb_15463155/gotojojo.com/htdocs/vqmod/xml/vqmod_EMS_tracking-1.01.xml
   id        : vQmod - EMS Tracking Mod
   version   : 1.0.1
   vqmver    : 1.0.8
   author    : FL

File Name    : catalog/model/account/order.php(0)
VQModObject::applyMod - SEARCH NOT FOUND (ABORTING MOD): $query = $this->db->query("SELECT date_added, os.name AS status, oh.comment, oh.notify FROM " . DB_PREFIX . "daigou_oc_order_history oh LEFT JOIN " . DB_PREFIX . "order_status os ON oh.order_status_id = os.order_status_id WHERE oh.order_id = '" . (int)$order_id . "' AND oh.notify = '1' AND os.language_id = '" . (int)$this->config->get('config_language_id') . "' ORDER BY oh.date_added");

----------------------------------------------------------------------


---------- Date: 2014-12-20 11:03:06 ~ IP : 182.242.225.169 ----------
REQUEST URI : /index.php?route=account/order&amp;page=1
MOD DETAILS:
   modFile   : /home/vol3_4/er-webs.com/erweb_15463155/gotojojo.com/htdocs/vqmod/xml/vqmod_EMS_tracking-1.01.xml
   id        : vQmod - EMS Tracking Mod
   version   : 1.0.1
   vqmver    : 1.0.8
   author    : FL

File Name    : catalog/model/account/order.php(0)
VQModObject::applyMod - SEARCH NOT FOUND (ABORTING MOD): $query = $this->db->query("SELECT date_added, os.name AS status, oh.comment, oh.notify FROM " . DB_PREFIX . "daigou_oc_order_history oh LEFT JOIN " . DB_PREFIX . "order_status os ON oh.order_status_id = os.order_status_id WHERE oh.order_id = '" . (int)$order_id . "' AND oh.notify = '1' AND os.language_id = '" . (int)$this->config->get('config_language_id') . "' ORDER BY oh.date_added");

----------------------------------------------------------------------


---------- Date: 2014-12-20 11:03:10 ~ IP : 182.242.225.169 ----------
REQUEST URI : /index.php?route=account/order/info&amp;order_id=55
MOD DETAILS:
   modFile   : /home/vol3_4/er-webs.com/erweb_15463155/gotojojo.com/htdocs/vqmod/xml/vqmod_EMS_tracking-1.01.xml
   id        : vQmod - EMS Tracking Mod
   version   : 1.0.1
   vqmver    : 1.0.8
   author    : FL

File Name    : catalog/model/account/order.php(0)
VQModObject::applyMod - SEARCH NOT FOUND (ABORTING MOD): $query = $this->db->query("SELECT date_added, os.name AS status, oh.comment, oh.notify FROM " . DB_PREFIX . "daigou_oc_order_history oh LEFT JOIN " . DB_PREFIX . "order_status os ON oh.order_status_id = os.order_status_id WHERE oh.order_id = '" . (int)$order_id . "' AND oh.notify = '1' AND os.language_id = '" . (int)$this->config->get('config_language_id') . "' ORDER BY oh.date_added");

----------------------------------------------------------------------


---------- Date: 2014-12-20 11:03:16 ~ IP : 182.242.225.169 ----------
REQUEST URI : /index.php?route=account/order&amp;page=1
MOD DETAILS:
   modFile   : /home/vol3_4/er-webs.com/erweb_15463155/gotojojo.com/htdocs/vqmod/xml/vqmod_EMS_tracking-1.01.xml
   id        : vQmod - EMS Tracking Mod
   version   : 1.0.1
   vqmver    : 1.0.8
   author    : FL

File Name    : catalog/model/account/order.php(0)
VQModObject::applyMod - SEARCH NOT FOUND (ABORTING MOD): $query = $this->db->query("SELECT date_added, os.name AS status, oh.comment, oh.notify FROM " . DB_PREFIX . "daigou_oc_order_history oh LEFT JOIN " . DB_PREFIX . "order_status os ON oh.order_status_id = os.order_status_id WHERE oh.order_id = '" . (int)$order_id . "' AND oh.notify = '1' AND os.language_id = '" . (int)$this->config->get('config_language_id') . "' ORDER BY oh.date_added");

----------------------------------------------------------------------


---------- Date: 2014-12-20 11:03:25 ~ IP : 182.242.225.169 ----------
REQUEST URI : /index.php?route=account/order/info&amp;order_id=56
MOD DETAILS:
   modFile   : /home/vol3_4/er-webs.com/erweb_15463155/gotojojo.com/htdocs/vqmod/xml/vqmod_EMS_tracking-1.01.xml
   id        : vQmod - EMS Tracking Mod
   version   : 1.0.1
   vqmver    : 1.0.8
   author    : FL

File Name    : catalog/model/account/order.php(0)
VQModObject::applyMod - SEARCH NOT FOUND (ABORTING MOD): $query = $this->db->query("SELECT date_added, os.name AS status, oh.comment, oh.notify FROM " . DB_PREFIX . "daigou_oc_order_history oh LEFT JOIN " . DB_PREFIX . "order_status os ON oh.order_status_id = os.order_status_id WHERE oh.order_id = '" . (int)$order_id . "' AND oh.notify = '1' AND os.language_id = '" . (int)$this->config->get('config_language_id') . "' ORDER BY oh.date_added");

----------------------------------------------------------------------


---------- Date: 2014-12-20 11:03:31 ~ IP : 182.242.225.169 ----------
REQUEST URI : /index.php?route=account/order&amp;page=1
MOD DETAILS:
   modFile   : /home/vol3_4/er-webs.com/erweb_15463155/gotojojo.com/htdocs/vqmod/xml/vqmod_EMS_tracking-1.01.xml
   id        : vQmod - EMS Tracking Mod
   version   : 1.0.1
   vqmver    : 1.0.8
   author    : FL

File Name    : catalog/model/account/order.php(0)
VQModObject::applyMod - SEARCH NOT FOUND (ABORTING MOD): $query = $this->db->query("SELECT date_added, os.name AS status, oh.comment, oh.notify FROM " . DB_PREFIX . "daigou_oc_order_history oh LEFT JOIN " . DB_PREFIX . "order_status os ON oh.order_status_id = os.order_status_id WHERE oh.order_id = '" . (int)$order_id . "' AND oh.notify = '1' AND os.language_id = '" . (int)$this->config->get('config_language_id') . "' ORDER BY oh.date_added");

----------------------------------------------------------------------


---------- Date: 2014-12-20 11:03:43 ~ IP : 182.242.225.169 ----------
REQUEST URI : /index.php?route=account/order/info&amp;order_id=56
MOD DETAILS:
   modFile   : /home/vol3_4/er-webs.com/erweb_15463155/gotojojo.com/htdocs/vqmod/xml/vqmod_EMS_tracking-1.01.xml
   id        : vQmod - EMS Tracking Mod
   version   : 1.0.1
   vqmver    : 1.0.8
   author    : FL

File Name    : catalog/model/account/order.php(0)
VQModObject::applyMod - SEARCH NOT FOUND (ABORTING MOD): $query = $this->db->query("SELECT date_added, os.name AS status, oh.comment, oh.notify FROM " . DB_PREFIX . "daigou_oc_order_history oh LEFT JOIN " . DB_PREFIX . "order_status os ON oh.order_status_id = os.order_status_id WHERE oh.order_id = '" . (int)$order_id . "' AND oh.notify = '1' AND os.language_id = '" . (int)$this->config->get('config_language_id') . "' ORDER BY oh.date_added");

----------------------------------------------------------------------


---------- Date: 2014-12-20 11:03:46 ~ IP : 182.242.225.169 ----------
REQUEST URI : /index.php?route=account/order&amp;page=1
MOD DETAILS:
   modFile   : /home/vol3_4/er-webs.com/erweb_15463155/gotojojo.com/htdocs/vqmod/xml/vqmod_EMS_tracking-1.01.xml
   id        : vQmod - EMS Tracking Mod
   version   : 1.0.1
   vqmver    : 1.0.8
   author    : FL

File Name    : catalog/model/account/order.php(0)
VQModObject::applyMod - SEARCH NOT FOUND (ABORTING MOD): $query = $this->db->query("SELECT date_added, os.name AS status, oh.comment, oh.notify FROM " . DB_PREFIX . "daigou_oc_order_history oh LEFT JOIN " . DB_PREFIX . "order_status os ON oh.order_status_id = os.order_status_id WHERE oh.order_id = '" . (int)$order_id . "' AND oh.notify = '1' AND os.language_id = '" . (int)$this->config->get('config_language_id') . "' ORDER BY oh.date_added");

----------------------------------------------------------------------


---------- Date: 2014-12-20 11:03:49 ~ IP : 182.242.225.169 ----------
REQUEST URI : /index.php?route=account/order/info&amp;order_id=115
MOD DETAILS:
   modFile   : /home/vol3_4/er-webs.com/erweb_15463155/gotojojo.com/htdocs/vqmod/xml/vqmod_EMS_tracking-1.01.xml
   id        : vQmod - EMS Tracking Mod
   version   : 1.0.1
   vqmver    : 1.0.8
   author    : FL

File Name    : catalog/model/account/order.php(0)
VQModObject::applyMod - SEARCH NOT FOUND (ABORTING MOD): $query = $this->db->query("SELECT date_added, os.name AS status, oh.comment, oh.notify FROM " . DB_PREFIX . "daigou_oc_order_history oh LEFT JOIN " . DB_PREFIX . "order_status os ON oh.order_status_id = os.order_status_id WHERE oh.order_id = '" . (int)$order_id . "' AND oh.notify = '1' AND os.language_id = '" . (int)$this->config->get('config_language_id') . "' ORDER BY oh.date_added");

----------------------------------------------------------------------


---------- Date: 2014-12-20 11:03:53 ~ IP : 182.242.225.169 ----------
REQUEST URI : /index.php?route=account/order&amp;page=1
MOD DETAILS:
   modFile   : /home/vol3_4/er-webs.com/erweb_15463155/gotojojo.com/htdocs/vqmod/xml/vqmod_EMS_tracking-1.01.xml
   id        : vQmod - EMS Tracking Mod
   version   : 1.0.1
   vqmver    : 1.0.8
   author    : FL

File Name    : catalog/model/account/order.php(0)
VQModObject::applyMod - SEARCH NOT FOUND (ABORTING MOD): $query = $this->db->query("SELECT date_added, os.name AS status, oh.comment, oh.notify FROM " . DB_PREFIX . "daigou_oc_order_history oh LEFT JOIN " . DB_PREFIX . "order_status os ON oh.order_status_id = os.order_status_id WHERE oh.order_id = '" . (int)$order_id . "' AND oh.notify = '1' AND os.language_id = '" . (int)$this->config->get('config_language_id') . "' ORDER BY oh.date_added");

----------------------------------------------------------------------


---------- Date: 2014-12-20 11:04:02 ~ IP : 182.242.225.169 ----------
REQUEST URI : /index.php?route=account/order/info&amp;order_id=114
MOD DETAILS:
   modFile   : /home/vol3_4/er-webs.com/erweb_15463155/gotojojo.com/htdocs/vqmod/xml/vqmod_EMS_tracking-1.01.xml
   id        : vQmod - EMS Tracking Mod
   version   : 1.0.1
   vqmver    : 1.0.8
   author    : FL

File Name    : catalog/model/account/order.php(0)
VQModObject::applyMod - SEARCH NOT FOUND (ABORTING MOD): $query = $this->db->query("SELECT date_added, os.name AS status, oh.comment, oh.notify FROM " . DB_PREFIX . "daigou_oc_order_history oh LEFT JOIN " . DB_PREFIX . "order_status os ON oh.order_status_id = os.order_status_id WHERE oh.order_id = '" . (int)$order_id . "' AND oh.notify = '1' AND os.language_id = '" . (int)$this->config->get('config_language_id') . "' ORDER BY oh.date_added");

----------------------------------------------------------------------


---------- Date: 2014-12-20 11:04:19 ~ IP : 182.242.225.169 ----------
REQUEST URI : /index.php?route=account/order/info&amp;order_id=114
MOD DETAILS:
   modFile   : /home/vol3_4/er-webs.com/erweb_15463155/gotojojo.com/htdocs/vqmod/xml/vqmod_EMS_tracking-1.01.xml
   id        : vQmod - EMS Tracking Mod
   version   : 1.0.1
   vqmver    : 1.0.8
   author    : FL

File Name    : catalog/model/account/order.php(0)
VQModObject::applyMod - SEARCH NOT FOUND (ABORTING MOD): $query = $this->db->query("SELECT date_added, os.name AS status, oh.comment, oh.notify FROM " . DB_PREFIX . "daigou_oc_order_history oh LEFT JOIN " . DB_PREFIX . "order_status os ON oh.order_status_id = os.order_status_id WHERE oh.order_id = '" . (int)$order_id . "' AND oh.notify = '1' AND os.language_id = '" . (int)$this->config->get('config_language_id') . "' ORDER BY oh.date_added");

----------------------------------------------------------------------


---------- Date: 2014-12-20 11:04:26 ~ IP : 182.242.225.169 ----------
REQUEST URI : /index.php?route=account/order&amp;page=1
MOD DETAILS:
   modFile   : /home/vol3_4/er-webs.com/erweb_15463155/gotojojo.com/htdocs/vqmod/xml/vqmod_EMS_tracking-1.01.xml
   id        : vQmod - EMS Tracking Mod
   version   : 1.0.1
   vqmver    : 1.0.8
   author    : FL

File Name    : catalog/model/account/order.php(0)
VQModObject::applyMod - SEARCH NOT FOUND (ABORTING MOD): $query = $this->db->query("SELECT date_added, os.name AS status, oh.comment, oh.notify FROM " . DB_PREFIX . "daigou_oc_order_history oh LEFT JOIN " . DB_PREFIX . "order_status os ON oh.order_status_id = os.order_status_id WHERE oh.order_id = '" . (int)$order_id . "' AND oh.notify = '1' AND os.language_id = '" . (int)$this->config->get('config_language_id') . "' ORDER BY oh.date_added");

----------------------------------------------------------------------


---------- Date: 2014-12-20 11:04:41 ~ IP : 182.242.225.169 ----------
REQUEST URI : /index.php?route=account/order/info&amp;order_id=131
MOD DETAILS:
   modFile   : /home/vol3_4/er-webs.com/erweb_15463155/gotojojo.com/htdocs/vqmod/xml/vqmod_EMS_tracking-1.01.xml
   id        : vQmod - EMS Tracking Mod
   version   : 1.0.1
   vqmver    : 1.0.8
   author    : FL

File Name    : catalog/model/account/order.php(0)
VQModObject::applyMod - SEARCH NOT FOUND (ABORTING MOD): $query = $this->db->query("SELECT date_added, os.name AS status, oh.comment, oh.notify FROM " . DB_PREFIX . "daigou_oc_order_history oh LEFT JOIN " . DB_PREFIX . "order_status os ON oh.order_status_id = os.order_status_id WHERE oh.order_id = '" . (int)$order_id . "' AND oh.notify = '1' AND os.language_id = '" . (int)$this->config->get('config_language_id') . "' ORDER BY oh.date_added");

----------------------------------------------------------------------


---------- Date: 2014-12-20 11:04:45 ~ IP : 182.242.225.169 ----------
REQUEST URI : /index.php?route=account/order&amp;page=1
MOD DETAILS:
   modFile   : /home/vol3_4/er-webs.com/erweb_15463155/gotojojo.com/htdocs/vqmod/xml/vqmod_EMS_tracking-1.01.xml
   id        : vQmod - EMS Tracking Mod
   version   : 1.0.1
   vqmver    : 1.0.8
   author    : FL

File Name    : catalog/model/account/order.php(0)
VQModObject::applyMod - SEARCH NOT FOUND (ABORTING MOD): $query = $this->db->query("SELECT date_added, os.name AS status, oh.comment, oh.notify FROM " . DB_PREFIX . "daigou_oc_order_history oh LEFT JOIN " . DB_PREFIX . "order_status os ON oh.order_status_id = os.order_status_id WHERE oh.order_id = '" . (int)$order_id . "' AND oh.notify = '1' AND os.language_id = '" . (int)$this->config->get('config_language_id') . "' ORDER BY oh.date_added");

----------------------------------------------------------------------


